Start testing: May 10 03:28 RTZ 2 (ceia)
----------------------------------------------------------
1/2 Testing: test_electrode
1/2 Test: test_electrode
Command: "D:/cpp/Sci/Flow/build/tests/test_electrode.exe"
Directory: D:/cpp/Sci/Flow/build/tests
"test_electrode" start time: May 10 03:28 RTZ 2 (ceia)
Output:
----------------------------------------------------------
===============================================================================
All tests passed (1 assertion in 1 test case)

<end of output>
Test time =   0.11 sec
----------------------------------------------------------
Test Passed.
"test_electrode" end time: May 10 03:28 RTZ 2 (ceia)
"test_electrode" time elapsed: 00:00:00
----------------------------------------------------------

2/2 Testing: test_grid
2/2 Test: test_grid
Command: "D:/cpp/Sci/Flow/build/tests/test_grid.exe"
Directory: D:/cpp/Sci/Flow/build/tests
"test_grid" start time: May 10 03:28 RTZ 2 (ceia)
Output:
----------------------------------------------------------
popen: No such file or directory

~~~~~~~~~~~~~~~~~~~~~~~~~~~~~~~~~~~~~~~~~~~~~~~~~~~~~~~~~~~~~~~~~~~~~~~~~~~~~~~
test_grid.exe is a Catch v2.13.6 host application.
Run with -? for options

-------------------------------------------------------------------------------
Quick check
-------------------------------------------------------------------------------
D:/cpp/Sci/Flow/tests/testGridFromFile.cpp:13
...............................................................................

D:/cpp/Sci/Flow/tests/testGridFromFile.cpp:25: FAILED:
  REQUIRE( 1==0 )
with expansion:
  1 == 0

===============================================================================
test cases: 1 | 1 failed
assertions: 1 | 1 failed

<end of output>
Test time =   0.13 sec
----------------------------------------------------------
Test Failed.
"test_grid" end time: May 10 03:28 RTZ 2 (ceia)
"test_grid" time elapsed: 00:00:00
----------------------------------------------------------

End testing: May 10 03:28 RTZ 2 (ceia)
